<?xml version="1.0" encoding="UTF-8"?>
<testsuite name="ru.netology.qa.AppiumTest" tests="1" skipped="0" failures="0" errors="0" timestamp="2022-04-25T06:36:32" hostname="DESKTOP-GAPUKHF" time="2.018">
  <properties/>
  <testcase name="testNewActivity()" classname="ru.netology.qa.AppiumTest" time="2.018"/>
  <system-out><![CDATA[]]></system-out>
  <system-err><![CDATA[апр. 25, 2022 11:36:32 AM io.appium.java_client.remote.AppiumCommandExecutor$1 lambda$0
INFO: Detected dialect: W3C
]]></system-err>
</testsuite>
